# JRE version: OpenJDK Runtime Environment Temurin-21.0.10+7 (21.0.10+7) (build 21.0.10+7-LTS)
# Java VM: OpenJDK 64-Bit Server VM Temurin-21.0.10+7 (21.0.10+7-LTS, mixed mode, sharing, tiered, compressed oops, compressed class ptrs, parallel gc, windows-amd64)
GC Precious Log:
 CardTable entry size: 512
 CPUs: 12 total, 12 available
 Memory: 11645M
 Large Page Support: Disabled
 NUMA Support: Disabled
 Compressed Oops: Enabled (32-bit)
 Alignments: Space 512K, Generation 512K, Heap 2M
 Heap Min Capacity: 100M
 Heap Initial Capacity: 100M
 Heap Max Capacity: 2G
 Pre-touch: Disabled
 Parallel Workers: 10
Heap:
 PSYoungGen      total 21504K, used 12790K [0x00000000d5580000, 0x00000000d6f80000, 0x0000000100000000)
  eden space 20992K, 60% used [0x00000000d5580000,0x00000000d61fda68,0x00000000d6a00000)
  from space 512K, 0% used [0x00000000d6f00000,0x00000000d6f00000,0x00000000d6f80000)
  to   space 2048K, 0% used [0x00000000d6b80000,0x00000000d6b80000,0x00000000d6d80000)
 ParOldGen       total 68608K, used 41060K [0x0000000080000000, 0x0000000084300000, 0x00000000d5580000)
  object space 68608K, 59% used [0x0000000080000000,0x0000000082819328,0x0000000084300000)
 Metaspace       used 59113K, committed 60544K, reserved 1114112K
  class space    used 6346K, committed 6912K, reserved 1048576K
GC Heap History (20 events):
Event: 23.074 GC heap before
{Heap before GC invocations=26 (full 2):
 PSYoungGen      total 23040K, used 22848K [0x00000000d5580000, 0x00000000d7000000, 0x0000000100000000)
  eden space 20992K, 100% used [0x00000000d5580000,0x00000000d6a00000,0x00000000d6a00000)
  from space 2048K, 90% used [0x00000000d6a00000,0x00000000d6bd0000,0x00000000d6c00000)
  to   space 3072K, 0% used [0x00000000d6d00000,0x00000000d6d00000,0x00000000d7000000)
 ParOldGen       total 68608K, used 33099K [0x0000000080000000, 0x0000000084300000, 0x00000000d5580000)
  object space 68608K, 48% used [0x0000000080000000,0x0000000082052c48,0x0000000084300000)
 Metaspace       used 47347K, committed 48512K, reserved 1114112K
  class space    used 5161K, committed 5632K, reserved 1048576K
}
Event: 23.079 GC heap after
{Heap after GC invocations=26 (full 2):
 PSYoungGen      total 23552K, used 2136K [0x00000000d5580000, 0x00000000d6f80000, 0x0000000100000000)
  eden space 20992K, 0% used [0x00000000d5580000,0x00000000d5580000,0x00000000d6a00000)
  from space 2560K, 83% used [0x00000000d6d00000,0x00000000d6f16210,0x00000000d6f80000)
  to   space 2560K, 0% used [0x00000000d6a80000,0x00000000d6a80000,0x00000000d6d00000)
 ParOldGen       total 68608K, used 34867K [0x0000000080000000, 0x0000000084300000, 0x00000000d5580000)
  object space 68608K, 50% used [0x0000000080000000,0x000000008220cc48,0x0000000084300000)
 Metaspace       used 47347K, committed 48512K, reserved 1114112K
  class space    used 5161K, committed 5632K, reserved 1048576K
}
Event: 23.446 GC heap before
{Heap before GC invocations=27 (full 2):
 PSYoungGen      total 23552K, used 23127K [0x00000000d5580000, 0x00000000d6f80000, 0x0000000100000000)
  eden space 20992K, 99% used [0x00000000d5580000,0x00000000d69ffa30,0x00000000d6a00000)
  from space 2560K, 83% used [0x00000000d6d00000,0x00000000d6f16210,0x00000000d6f80000)
  to   space 2560K, 0% used [0x00000000d6a80000,0x00000000d6a80000,0x00000000d6d00000)
 ParOldGen       total 68608K, used 34867K [0x0000000080000000, 0x0000000084300000, 0x00000000d5580000)
  object space 68608K, 50% used [0x0000000080000000,0x000000008220cc48,0x0000000084300000)
 Metaspace       used 47848K, committed 49024K, reserved 1114112K
  class space    used 5194K, committed 5696K, reserved 1048576K
}
Event: 23.451 GC heap after
{Heap after GC invocations=27 (full 2):
 PSYoungGen      total 23552K, used 2529K [0x00000000d5580000, 0x00000000d7600000, 0x0000000100000000)
  eden space 20992K, 0% used [0x00000000d5580000,0x00000000d5580000,0x00000000d6a00000)
  from space 2560K, 98% used [0x00000000d6a80000,0x00000000d6cf8750,0x00000000d6d00000)
  to   space 6144K, 0% used [0x00000000d7000000,0x00000000d7000000,0x00000000d7600000)
 ParOldGen       total 68608K, used 37792K [0x0000000080000000, 0x0000000084300000, 0x00000000d5580000)
  object space 68608K, 55% used [0x0000000080000000,0x00000000824e81b0,0x0000000084300000)
 Metaspace       used 47848K, committed 49024K, reserved 1114112K
  class space    used 5194K, committed 5696K, reserved 1048576K
}
Event: 24.266 GC heap before
{Heap before GC invocations=28 (full 2):
 PSYoungGen      total 23552K, used 23460K [0x00000000d5580000, 0x00000000d7600000, 0x0000000100000000)
  eden space 20992K, 99% used [0x00000000d5580000,0x00000000d69f0c28,0x00000000d6a00000)
  from space 2560K, 98% used [0x00000000d6a80000,0x00000000d6cf8750,0x00000000d6d00000)
  to   space 6144K, 0% used [0x00000000d7000000,0x00000000d7000000,0x00000000d7600000)
 ParOldGen       total 68608K, used 37792K [0x0000000080000000, 0x0000000084300000, 0x00000000d5580000)
  object space 68608K, 55% used [0x0000000080000000,0x00000000824e81b0,0x0000000084300000)
 Metaspace       used 49902K, committed 51072K, reserved 1114112K
  class space    used 5439K, committed 5952K, reserved 1048576K
}
Event: 24.270 GC heap after
{Heap after GC invocations=28 (full 2):
 PSYoungGen      total 22528K, used 1240K [0x00000000d5580000, 0x00000000d7180000, 0x0000000100000000)
  eden space 20992K, 0% used [0x00000000d5580000,0x00000000d5580000,0x00000000d6a00000)
  from space 1536K, 80% used [0x00000000d7000000,0x00000000d71362e8,0x00000000d7180000)
  to   space 3072K, 0% used [0x00000000d6b80000,0x00000000d6b80000,0x00000000d6e80000)
 ParOldGen       total 68608K, used 40312K [0x0000000080000000, 0x0000000084300000, 0x00000000d5580000)
  object space 68608K, 58% used [0x0000000080000000,0x000000008275e1b0,0x0000000084300000)
 Metaspace       used 49902K, committed 51072K, reserved 1114112K
  class space    used 5439K, committed 5952K, reserved 1048576K
}
Event: 24.972 GC heap before
{Heap before GC invocations=29 (full 2):
 PSYoungGen      total 22528K, used 22180K [0x00000000d5580000, 0x00000000d7180000, 0x0000000100000000)
  eden space 20992K, 99% used [0x00000000d5580000,0x00000000d69f30a0,0x00000000d6a00000)
  from space 1536K, 80% used [0x00000000d7000000,0x00000000d71362e8,0x00000000d7180000)
  to   space 3072K, 0% used [0x00000000d6b80000,0x00000000d6b80000,0x00000000d6e80000)
 ParOldGen       total 68608K, used 40312K [0x0000000080000000, 0x0000000084300000, 0x00000000d5580000)
  object space 68608K, 58% used [0x0000000080000000,0x000000008275e1b0,0x0000000084300000)
 Metaspace       used 51104K, committed 52288K, reserved 1114112K
  class space    used 5556K, committed 6080K, reserved 1048576K
}
Event: 24.974 GC heap after
{Heap after GC invocations=29 (full 2):
 PSYoungGen      total 24064K, used 480K [0x00000000d5580000, 0x00000000d7080000, 0x0000000100000000)
  eden space 20992K, 0% used [0x00000000d5580000,0x00000000d5580000,0x00000000d6a00000)
  from space 3072K, 15% used [0x00000000d6b80000,0x00000000d6bf8000,0x00000000d6e80000)
  to   space 1024K, 0% used [0x00000000d6f80000,0x00000000d6f80000,0x00000000d7080000)
 ParOldGen       total 68608K, used 41396K [0x0000000080000000, 0x0000000084300000, 0x00000000d5580000)
  object space 68608K, 60% used [0x0000000080000000,0x000000008286d330,0x0000000084300000)
 Metaspace       used 51104K, committed 52288K, reserved 1114112K
  class space    used 5556K, committed 6080K, reserved 1048576K
}
Event: 25.578 GC heap before
{Heap before GC invocations=30 (full 2):
 PSYoungGen      total 24064K, used 21472K [0x00000000d5580000, 0x00000000d7080000, 0x0000000100000000)
  eden space 20992K, 100% used [0x00000000d5580000,0x00000000d6a00000,0x00000000d6a00000)
  from space 3072K, 15% used [0x00000000d6b80000,0x00000000d6bf8000,0x00000000d6e80000)
  to   space 1024K, 0% used [0x00000000d6f80000,0x00000000d6f80000,0x00000000d7080000)
 ParOldGen       total 68608K, used 41396K [0x0000000080000000, 0x0000000084300000, 0x00000000d5580000)
  object space 68608K, 60% used [0x0000000080000000,0x000000008286d330,0x0000000084300000)
 Metaspace       used 51538K, committed 52736K, reserved 1114112K
  class space    used 5589K, committed 6080K, reserved 1048576K
}
Event: 25.582 GC heap after
{Heap after GC invocations=30 (full 2):
 PSYoungGen      total 22016K, used 1010K [0x00000000d5580000, 0x00000000d7080000, 0x0000000100000000)
  eden space 20992K, 0% used [0x00000000d5580000,0x00000000d5580000,0x00000000d6a00000)
  from space 1024K, 98% used [0x00000000d6f80000,0x00000000d707c958,0x00000000d7080000)
  to   space 2560K, 0% used [0x00000000d6b80000,0x00000000d6b80000,0x00000000d6e00000)
 ParOldGen       total 68608K, used 42330K [0x0000000080000000, 0x0000000084300000, 0x00000000d5580000)
  object space 68608K, 61% used [0x0000000080000000,0x0000000082956828,0x0000000084300000)
 Metaspace       used 51538K, committed 52736K, reserved 1114112K
  class space    used 5589K, committed 6080K, reserved 1048576K
}
Event: 25.913 GC heap before
{Heap before GC invocations=31 (full 2):
 PSYoungGen      total 22016K, used 22002K [0x00000000d5580000, 0x00000000d7080000, 0x0000000100000000)
  eden space 20992K, 100% used [0x00000000d5580000,0x00000000d6a00000,0x00000000d6a00000)
  from space 1024K, 98% used [0x00000000d6f80000,0x00000000d707c958,0x00000000d7080000)
  to   space 2560K, 0% used [0x00000000d6b80000,0x00000000d6b80000,0x00000000d6e00000)
 ParOldGen       total 68608K, used 42330K [0x0000000080000000, 0x0000000084300000, 0x00000000d5580000)
  object space 68608K, 61% used [0x0000000080000000,0x0000000082956828,0x0000000084300000)
 Metaspace       used 52298K, committed 53504K, reserved 1114112K
  class space    used 5659K, committed 6144K, reserved 1048576K
}
Event: 25.915 GC heap after
{Heap after GC invocations=31 (full 2):
 PSYoungGen      total 23552K, used 224K [0x00000000d5580000, 0x00000000d7000000, 0x0000000100000000)
  eden space 20992K, 0% used [0x00000000d5580000,0x00000000d5580000,0x00000000d6a00000)
  from space 2560K, 8% used [0x00000000d6b80000,0x00000000d6bb8000,0x00000000d6e00000)
  to   space 1024K, 0% used [0x00000000d6f00000,0x00000000d6f00000,0x00000000d7000000)
 ParOldGen       total 68608K, used 42546K [0x0000000080000000, 0x0000000084300000, 0x00000000d5580000)
  object space 68608K, 62% used [0x0000000080000000,0x000000008298c828,0x0000000084300000)
 Metaspace       used 52298K, committed 53504K, reserved 1114112K
  class space    used 5659K, committed 6144K, reserved 1048576K
}
Event: 27.038 GC heap before
{Heap before GC invocations=32 (full 2):
 PSYoungGen      total 23552K, used 21215K [0x00000000d5580000, 0x00000000d7000000, 0x0000000100000000)
  eden space 20992K, 99% used [0x00000000d5580000,0x00000000d69fff40,0x00000000d6a00000)
  from space 2560K, 8% used [0x00000000d6b80000,0x00000000d6bb8000,0x00000000d6e00000)
  to   space 1024K, 0% used [0x00000000d6f00000,0x00000000d6f00000,0x00000000d7000000)
 ParOldGen       total 68608K, used 42546K [0x0000000080000000, 0x0000000084300000, 0x00000000d5580000)
  object space 68608K, 62% used [0x0000000080000000,0x000000008298c828,0x0000000084300000)
 Metaspace       used 54893K, committed 56128K, reserved 1114112K
  class space    used 5930K, committed 6464K, reserved 1048576K
}
Event: 27.040 GC heap after
{Heap after GC invocations=32 (full 2):
 PSYoungGen      total 22016K, used 728K [0x00000000d5580000, 0x00000000d7000000, 0x0000000100000000)
  eden space 20992K, 0% used [0x00000000d5580000,0x00000000d5580000,0x00000000d6a00000)
  from space 1024K, 71% used [0x00000000d6f00000,0x00000000d6fb61c8,0x00000000d7000000)
  to   space 1024K, 0% used [0x00000000d6e00000,0x00000000d6e00000,0x00000000d6f00000)
 ParOldGen       total 68608K, used 42618K [0x0000000080000000, 0x0000000084300000, 0x00000000d5580000)
  object space 68608K, 62% used [0x0000000080000000,0x000000008299e828,0x0000000084300000)
 Metaspace       used 54893K, committed 56128K, reserved 1114112K
  class space    used 5930K, committed 6464K, reserved 1048576K
}
Event: 27.764 GC heap before
{Heap before GC invocations=33 (full 2):
 PSYoungGen      total 22016K, used 21720K [0x00000000d5580000, 0x00000000d7000000, 0x0000000100000000)
  eden space 20992K, 100% used [0x00000000d5580000,0x00000000d6a00000,0x00000000d6a00000)
  from space 1024K, 71% used [0x00000000d6f00000,0x00000000d6fb61c8,0x00000000d7000000)
  to   space 1024K, 0% used [0x00000000d6e00000,0x00000000d6e00000,0x00000000d6f00000)
 ParOldGen       total 68608K, used 42618K [0x0000000080000000, 0x0000000084300000, 0x00000000d5580000)
  object space 68608K, 62% used [0x0000000080000000,0x000000008299e828,0x0000000084300000)
 Metaspace       used 57384K, committed 58688K, reserved 1114112K
  class space    used 6193K, committed 6784K, reserved 1048576K
}
Event: 27.767 GC heap after
{Heap after GC invocations=33 (full 2):
 PSYoungGen      total 22016K, used 1015K [0x00000000d5580000, 0x00000000d6f80000, 0x0000000100000000)
  eden space 20992K, 0% used [0x00000000d5580000,0x00000000d5580000,0x00000000d6a00000)
  from space 1024K, 99% used [0x00000000d6e00000,0x00000000d6efdf18,0x00000000d6f00000)
  to   space 512K, 0% used [0x00000000d6f00000,0x00000000d6f00000,0x00000000d6f80000)
 ParOldGen       total 68608K, used 43761K [0x0000000080000000, 0x0000000084300000, 0x00000000d5580000)
  object space 68608K, 63% used [0x0000000080000000,0x0000000082abc5c0,0x0000000084300000)
 Metaspace       used 57384K, committed 58688K, reserved 1114112K
  class space    used 6193K, committed 6784K, reserved 1048576K
}
Event: 28.343 GC heap before
{Heap before GC invocations=34 (full 2):
 PSYoungGen      total 22016K, used 15256K [0x00000000d5580000, 0x00000000d6f80000, 0x0000000100000000)
  eden space 20992K, 67% used [0x00000000d5580000,0x00000000d63680f8,0x00000000d6a00000)
  from space 1024K, 99% used [0x00000000d6e00000,0x00000000d6efdf18,0x00000000d6f00000)
  to   space 512K, 0% used [0x00000000d6f00000,0x00000000d6f00000,0x00000000d6f80000)
 ParOldGen       total 68608K, used 43761K [0x0000000080000000, 0x0000000084300000, 0x00000000d5580000)
  object space 68608K, 63% used [0x0000000080000000,0x0000000082abc5c0,0x0000000084300000)
 Metaspace       used 58372K, committed 59776K, reserved 1114112K
  class space    used 6289K, committed 6912K, reserved 1048576K
}
Event: 28.345 GC heap after
{Heap after GC invocations=34 (full 2):
 PSYoungGen      total 21504K, used 496K [0x00000000d5580000, 0x00000000d6f80000, 0x0000000100000000)
  eden space 20992K, 0% used [0x00000000d5580000,0x00000000d5580000,0x00000000d6a00000)
  from space 512K, 96% used [0x00000000d6f00000,0x00000000d6f7c050,0x00000000d6f80000)
  to   space 2048K, 0% used [0x00000000d6b80000,0x00000000d6b80000,0x00000000d6d80000)
 ParOldGen       total 68608K, used 44642K [0x0000000080000000, 0x0000000084300000, 0x00000000d5580000)
  object space 68608K, 65% used [0x0000000080000000,0x0000000082b988f0,0x0000000084300000)
 Metaspace       used 58372K, committed 59776K, reserved 1114112K
  class space    used 6289K, committed 6912K, reserved 1048576K
}
Event: 28.345 GC heap before
{Heap before GC invocations=35 (full 3):
 PSYoungGen      total 21504K, used 496K [0x00000000d5580000, 0x00000000d6f80000, 0x0000000100000000)
  eden space 20992K, 0% used [0x00000000d5580000,0x00000000d5580000,0x00000000d6a00000)
  from space 512K, 96% used [0x00000000d6f00000,0x00000000d6f7c050,0x00000000d6f80000)
  to   space 2048K, 0% used [0x00000000d6b80000,0x00000000d6b80000,0x00000000d6d80000)
 ParOldGen       total 68608K, used 44642K [0x0000000080000000, 0x0000000084300000, 0x00000000d5580000)
  object space 68608K, 65% used [0x0000000080000000,0x0000000082b988f0,0x0000000084300000)
 Metaspace       used 58372K, committed 59776K, reserved 1114112K
  class space    used 6289K, committed 6912K, reserved 1048576K
}
Event: 28.452 GC heap after
{Heap after GC invocations=35 (full 3):
 PSYoungGen      total 21504K, used 0K [0x00000000d5580000, 0x00000000d6f80000, 0x0000000100000000)
  eden space 20992K, 0% used [0x00000000d5580000,0x00000000d5580000,0x00000000d6a00000)
  from space 512K, 0% used [0x00000000d6f00000,0x00000000d6f00000,0x00000000d6f80000)
  to   space 2048K, 0% used [0x00000000d6b80000,0x00000000d6b80000,0x00000000d6d80000)
 ParOldGen       total 68608K, used 41060K [0x0000000080000000, 0x0000000084300000, 0x00000000d5580000)
  object space 68608K, 59% used [0x0000000080000000,0x0000000082819328,0x0000000084300000)
 Metaspace       used 58372K, committed 59776K, reserved 1114112K
  class space    used 6289K, committed 6912K, reserved 1048576K
}

